<?xml version="1.0" encoding="UTF-8"?>
<testng-results skipped="1" failed="0" total="1" passed="0">
  <reporter-output>
  </reporter-output>
  <suite name="mySuite1" duration-ms="37" started-at="2016-10-19T07:25:57Z" finished-at="2016-10-19T07:25:57Z">
    <groups>
    </groups>
    <test name="myTest1" duration-ms="37" started-at="2016-10-19T07:25:57Z" finished-at="2016-10-19T07:25:57Z">
      <class name="com.project.selenium.SeleniumIRCTCTest">
        <test-method status="SKIP" signature="paraTest(java.lang.String, java.lang.String)[pri:0, instance:com.project.selenium.SeleniumIRCTCTest@4a349f8a]" name="paraTest" duration-ms="0" started-at="2016-10-19T12:55:57Z" finished-at="2016-10-19T12:55:57Z">
          <exception class="org.testng.TestNGException">
            <message>
              <![CDATA[
Parameter 'browser1' is required by @Test on method paraTest but has not been marked @Optional or defined
in C:\Users\Admin\workspace\SeleniumProj\NewFile.xml]]>
            </message>
            <full-stacktrace>
              <![CDATA[org.testng.TestNGException: 
Parameter 'browser1' is required by @Test on method paraTest but has not been marked @Optional or defined
in C:\Users\Admin\workspace\SeleniumProj\NewFile.xml
	at org.testng.internal.Parameters.createParameters(Parameters.java:154)
	at org.testng.internal.Parameters.createParameters(Parameters.java:361)
	at org.testng.internal.Parameters.handleParameters(Parameters.java:451)
	at org.testng.internal.Invoker.handleParameters(Invoker.java:1270)
	at org.testng.internal.Invoker.createParameters(Invoker.java:985)
	at org.testng.internal.Invoker.invokeTestMethods(Invoker.java:1075)
	at org.testng.internal.TestMethodWorker.invokeTestMethods(TestMethodWorker.java:125)
	at org.testng.internal.TestMethodWorker.run(TestMethodWorker.java:108)
	at org.testng.TestRunner.privateRun(TestRunner.java:774)
	at org.testng.TestRunner.run(TestRunner.java:624)
	at org.testng.SuiteRunner.runTest(SuiteRunner.java:359)
	at org.testng.SuiteRunner.runSequentially(SuiteRunner.java:354)
	at org.testng.SuiteRunner.privateRun(SuiteRunner.java:312)
	at org.testng.SuiteRunner.run(SuiteRunner.java:261)
	at org.testng.SuiteRunnerWorker.runSuite(SuiteRunnerWorker.java:52)
	at org.testng.SuiteRunnerWorker.run(SuiteRunnerWorker.java:86)
	at org.testng.TestNG.runSuitesSequentially(TestNG.java:1215)
	at org.testng.TestNG.runSuitesLocally(TestNG.java:1140)
	at org.testng.TestNG.run(TestNG.java:1048)
	at org.testng.remote.AbstractRemoteTestNG.run(AbstractRemoteTestNG.java:132)
	at org.testng.remote.RemoteTestNG.initAndRun(RemoteTestNG.java:236)
	at org.testng.remote.RemoteTestNG.main(RemoteTestNG.java:81)
]]>
            </full-stacktrace>
          </exception> <!-- org.testng.TestNGException -->
          <reporter-output>
          </reporter-output>
        </test-method> <!-- paraTest -->
      </class> <!-- com.project.selenium.SeleniumIRCTCTest -->
    </test> <!-- myTest1 -->
  </suite> <!-- mySuite1 -->
</testng-results>
